#
# There is insufficient memory for the Java Runtime Environment to continue.
# Native memory allocation (mmap) failed to map 65536 bytes for Failed to commit area from 0x0000023fe22e0000 to 0x0000023fe22f0000 of length 65536.
# Possible reasons:
#   The system is out of physical RAM or swap space
#   The process is running with CompressedOops enabled, and the Java Heap may be blocking the growth of the native heap
# Possible solutions:
#   Reduce memory load on the system
#   Increase physical memory or swap space
#   Check if swap backing store is full
#   Decrease Java heap size (-Xmx/-Xms)
#   Decrease number of Java threads
#   Decrease Java thread stack sizes (-Xss)
#   Set larger code cache with -XX:ReservedCodeCacheSize=
# This output file may be truncated or incomplete.
#
#  Out of Memory Error (./src/hotspot/os/windows/os_windows.cpp:3387), pid=33872, tid=22904
#
# JRE version:  (11.0.14.1+1) (build )
# Java VM: OpenJDK 64-Bit Server VM (11.0.14.1+1, mixed mode, sharing, tiered, compressed oops, g1 gc, windows-amd64)
# No core dump will be written. Minidumps are not enabled by default on client versions of Windows
#

---------------  S U M M A R Y ------------

Command Line: -Dfile.encoding=UTF-8 

Host: Intel(R) Core(TM) i5-10500H CPU @ 2.50GHz, 12 cores, 15G,  Windows 10 , 64 bit Build 19041 (10.0.19041.1503)
Time: Fri Aug 25 01:12:16 2023 RTZ 4 (зима) elapsed time: 0.010021 seconds (0d 0h 0m 0s)

---------------  T H R E A D  ---------------

Current thread (0x0000023fc8c7e800):  JavaThread "Unknown thread" [_thread_in_vm, id=22904, stack(0x000000acc7400000,0x000000acc7500000)]

Stack: [0x000000acc7400000,0x000000acc7500000]
Native frames: (J=compiled Java code, j=interpreted, Vv=VM code, C=native code)
V  [jvm.dll+0x61e59a]
V  [jvm.dll+0x7aaca9]
V  [jvm.dll+0x7ac398]
V  [jvm.dll+0x7aca73]
V  [jvm.dll+0x24f9b8]
V  [jvm.dll+0x61b83a]
V  [jvm.dll+0x6100c5]
V  [jvm.dll+0x30772c]
V  [jvm.dll+0x3075b2]
V  [jvm.dll+0x30c3f0]
V  [jvm.dll+0x352742]
V  [jvm.dll+0x352160]
V  [jvm.dll+0x2e4728]
V  [jvm.dll+0x2e5886]
V  [jvm.dll+0x784b07]
V  [jvm.dll+0x78628f]
V  [jvm.dll+0x35f479]
V  [jvm.dll+0x767aa0]
V  [jvm.dll+0x3ccf1f]
V  [jvm.dll+0x3cf2b1]
C  [jli.dll+0x5207]
C  [ucrtbase.dll+0x21bb2]
C  [KERNEL32.DLL+0x17034]
C  [ntdll.dll+0x52651]


---------------  P R O C E S S  ---------------

Threads class SMR info:
_java_thread_list=0x0000023fc6b41140, length=0, elements={
}

Java Threads: ( => current thread )

Other Threads:
  0x0000023fc8c93800 GCTaskThread "GC Thread#0" [stack: 0x000000acc7500000,0x000000acc7600000] [id=34836]
  0x0000023fc8cf0000 ConcurrentGCThread "G1 Main Marker" [stack: 0x000000acc7600000,0x000000acc7700000] [id=35436]
  0x0000023fc8cf1800 ConcurrentGCThread "G1 Conc#0" [stack: 0x000000acc7700000,0x000000acc7800000] [id=33040]

[error occurred during error reporting (printing all threads), id 0xc0000005, EXCEPTION_ACCESS_VIOLATION (0xc0000005) at pc=0x00007ff94a0b3ef7]

VM state:not at safepoint (not fully initialized)

VM Mutex/Monitor currently owned by a thread:  ([mutex/lock_event])
[0x0000023fc8c7bae0] Heap_lock - owner thread: 0x0000023fc8c7e800

Heap address: 0x0000000702c00000, size: 4052 MB, Compressed Oops mode: Non-zero based: 0x0000000702c00000
Narrow klass base: 0x0000000000000000, Narrow klass shift: 0

GC Heap History (0 events):
No events

Deoptimization events (0 events):
No events

Classes redefined (0 events):
No events

Internal exceptions (0 events):
No events

Events (1 events):
Event: 0.006 Loaded shared library D:\Unity\2022.3.5f1\Editor\Data\PlaybackEngines\AndroidPlayer\OpenJDK\bin\zip.dll


Dynamic libraries:
0x00007ff794450000 - 0x00007ff79445d000 	D:\Unity\2022.3.5f1\Editor\Data\PlaybackEngines\AndroidPlayer\OpenJDK\bin\java.exe
0x00007ffa26c90000 - 0x00007ffa26e85000 	C:\windows\SYSTEM32\ntdll.dll
0x00007ffa25d10000 - 0x00007ffa25dce000 	C:\windows\System32\KERNEL32.DLL
0x00007ffa24680000 - 0x00007ffa24948000 	C:\windows\System32\KERNELBASE.dll
0x00007ffa249e0000 - 0x00007ffa24ae0000 	C:\windows\System32\ucrtbase.dll
0x00007ff9fb080000 - 0x00007ff9fb095000 	D:\Unity\2022.3.5f1\Editor\Data\PlaybackEngines\AndroidPlayer\OpenJDK\bin\VCRUNTIME140.dll
0x00007ff955e20000 - 0x00007ff955e37000 	D:\Unity\2022.3.5f1\Editor\Data\PlaybackEngines\AndroidPlayer\OpenJDK\bin\jli.dll
0x00007ffa24ce0000 - 0x00007ffa24e80000 	C:\windows\System32\USER32.dll
0x00007ffa0d940000 - 0x00007ffa0dbda000 	C:\windows\WinSxS\amd64_microsoft.windows.common-controls_6595b64144ccf1df_6.0.19041.1110_none_60b5254171f9507e\COMCTL32.dll
0x00007ffa244b0000 - 0x00007ffa244d2000 	C:\windows\System32\win32u.dll
0x00007ffa25ed0000 - 0x00007ffa25f6e000 	C:\windows\System32\msvcrt.dll
0x00007ffa25df0000 - 0x00007ffa25e1b000 	C:\windows\System32\GDI32.dll
0x00007ffa243a0000 - 0x00007ffa244ad000 	C:\windows\System32\gdi32full.dll
0x00007ffa24c40000 - 0x00007ffa24cdd000 	C:\windows\System32\msvcp_win.dll
0x00007ffa25f70000 - 0x00007ffa25fa0000 	C:\windows\System32\IMM32.DLL
0x00007ff954f60000 - 0x00007ff954ffb000 	D:\Unity\2022.3.5f1\Editor\Data\PlaybackEngines\AndroidPlayer\OpenJDK\bin\msvcp140.dll
0x00007ff949dc0000 - 0x00007ff94a941000 	D:\Unity\2022.3.5f1\Editor\Data\PlaybackEngines\AndroidPlayer\OpenJDK\bin\server\jvm.dll
0x00007ffa24fa0000 - 0x00007ffa2504e000 	C:\windows\System32\ADVAPI32.dll
0x00007ffa25050000 - 0x00007ffa250ec000 	C:\windows\System32\sechost.dll
0x00007ffa25aa0000 - 0x00007ffa25bc5000 	C:\windows\System32\RPCRT4.dll
0x00007ffa25150000 - 0x00007ffa25158000 	C:\windows\System32\PSAPI.DLL
0x00007ffa1bb40000 - 0x00007ffa1bb49000 	C:\windows\SYSTEM32\WSOCK32.dll
0x00007ffa10ef0000 - 0x00007ffa10f17000 	C:\windows\SYSTEM32\WINMM.dll
0x00007ffa1dac0000 - 0x00007ffa1daca000 	C:\windows\SYSTEM32\VERSION.dll
0x00007ffa26300000 - 0x00007ffa2636b000 	C:\windows\System32\WS2_32.dll
0x00007ffa22c20000 - 0x00007ffa22c32000 	C:\windows\SYSTEM32\kernel.appcore.dll
0x00007ff987480000 - 0x00007ff987490000 	D:\Unity\2022.3.5f1\Editor\Data\PlaybackEngines\AndroidPlayer\OpenJDK\bin\verify.dll
0x00007ffa220f0000 - 0x00007ffa222d4000 	C:\windows\SYSTEM32\DBGHELP.DLL
0x00007ffa18030000 - 0x00007ffa1805c000 	C:\windows\SYSTEM32\dbgcore.DLL
0x00007ffa24950000 - 0x00007ffa249d2000 	C:\windows\System32\bcryptPrimitives.dll
0x00007ff955df0000 - 0x00007ff955e18000 	D:\Unity\2022.3.5f1\Editor\Data\PlaybackEngines\AndroidPlayer\OpenJDK\bin\java.dll
0x00007ff985100000 - 0x00007ff98510a000 	D:\Unity\2022.3.5f1\Editor\Data\PlaybackEngines\AndroidPlayer\OpenJDK\bin\jimage.dll
0x00007ff955dd0000 - 0x00007ff955de8000 	D:\Unity\2022.3.5f1\Editor\Data\PlaybackEngines\AndroidPlayer\OpenJDK\bin\zip.dll

dbghelp: loaded successfully - version: 4.0.5 - missing functions: none
symbol engine: initialized successfully - sym options: 0x614 - pdb path: .;D:\Unity\2022.3.5f1\Editor\Data\PlaybackEngines\AndroidPlayer\OpenJDK\bin;C:\windows\SYSTEM32;C:\windows\WinSxS\amd64_microsoft.windows.common-controls_6595b64144ccf1df_6.0.19041.1110_none_60b5254171f9507e;D:\Unity\2022.3.5f1\Editor\Data\PlaybackEngines\AndroidPlayer\OpenJDK\bin\server

VM Arguments:
jvm_args: -Dfile.encoding=UTF-8 
java_command: <unknown>
java_class_path (initial): <not set>
Launcher Type: SUN_STANDARD

[Global flags]
     intx CICompilerCount                          = 4                                         {product} {ergonomic}
     uint ConcGCThreads                            = 3                                         {product} {ergonomic}
     uint G1ConcRefinementThreads                  = 10                                        {product} {ergonomic}
   size_t G1HeapRegionSize                         = 1048576                                   {product} {ergonomic}
    uintx GCDrainStackTargetSize                   = 64                                        {product} {ergonomic}
   size_t InitialHeapSize                          = 266338304                                 {product} {ergonomic}
   size_t MarkStackSize                            = 4194304                                   {product} {ergonomic}
   size_t MaxHeapSize                              = 4248829952                                {product} {ergonomic}
   size_t MinHeapDeltaBytes                        = 1048576                                   {product} {ergonomic}
    uintx NonNMethodCodeHeapSize                   = 5836300                                {pd product} {ergonomic}
    uintx NonProfiledCodeHeapSize                  = 122910970                              {pd product} {ergonomic}
    uintx ProfiledCodeHeapSize                     = 122910970                              {pd product} {ergonomic}
    uintx ReservedCodeCacheSize                    = 251658240                              {pd product} {ergonomic}
     bool SegmentedCodeCache                       = true                                      {product} {ergonomic}
     bool UseCompressedClassPointers               = true                                 {lp64_product} {ergonomic}
     bool UseCompressedOops                        = true                                 {lp64_product} {ergonomic}
     bool UseG1GC                                  = true                                      {product} {ergonomic}
     bool UseLargePagesIndividualAllocation        = false                                  {pd product} {ergonomic}

Logging:
Log output configuration:
 #0: stdout all=warning uptime,level,tags
 #1: stderr all=off uptime,level,tags

Environment Variables:
JAVA_HOME=D:\Unity\2022.3.5f1\Editor\Data\PlaybackEngines\AndroidPlayer\OpenJDK
JAVA_TOOL_OPTIONS=-Dfile.encoding=UTF-8
PATH=C:\Program Files\Microsoft\jdk-17.0.7.7-hotspot\bin;C:\Program Files\Microsoft\jdk-11.0.12.7-hotspot\bin;C:\Program Files\Microsoft\jdk-11.0.16.101-hotspot\bin;C:\Program Files (x86)\Common Files\Intel\Shared Libraries\redist\intel64\compiler;C:\Program Files\Eclipse Foundation\jdk-8.0.302.8-hotspot\bin;C:\Windows\system32;C:\Windows;C:\Windows\System32\Wbem;C:\Windows\System32\WindowsPowerShell\v1.0\;C:\Program Files (x86)\NVIDIA Corporation\PhysX\Common;C:\Program Files\NVIDIA Corporation\NVIDIA NvDLISR;C:\Program Files (x86)\Microsoft SQL Server\150\DTS\Binn\;C:\Program Files\dotnet\;C:\Program Files\Microsoft SQL Server\130\Tools\Binn\;C:\Program Files\Microsoft SQL Server\Client SDK\ODBC\170\Tools\Binn\;C:\Program Files (x86)\Microsoft SQL Server\150\Tools\Binn\;C:\Program Files\Microsoft SQL Server\150\Tools\Binn\;C:\Program Files\Microsoft SQL Server\150\DTS\Binn\;C:\Program Files\Git\cmd;C:\Program Files\Microsoft Windows Performance Toolkit\;C:\Program Files (x86)\GitExtensions\;C:\Users\Lonnaty-PC\AppData\Local\Programs\P;C:\Program Files\Cloudflare\Cloudflare WARP\;C:\Users\Lonnaty-PC\AppData\Local\Programs\Python\Python38-32\Scripts\;C:\Users\Lonnaty-PC\AppData\Local\Programs\Python\Python38-32\;C:\Users\Lonnaty-PC\AppData\Local\Microsoft\WindowsApps;;C:\Program Files\Azure Data Studio\bin;C:\Users\Lonnaty-PC\.dotnet\tools
USERNAME=Lonnaty-PC
OS=Windows_NT
PROCESSOR_IDENTIFIER=Intel64 Family 6 Model 165 Stepping 2, GenuineIntel



---------------  S Y S T E M  ---------------

OS: Windows 10 , 64 bit Build 19041 (10.0.19041.1503)
OS uptime: 0 days 12:45 hours

CPU:total 12 (initial active 12) (6 cores per cpu, 2 threads per core) family 6 model 165 stepping 2 microcode 0xe2, cmov, cx8, fxsr, mmx, sse, sse2, sse3, ssse3, sse4.1, sse4.2, popcnt, avx, avx2, aes, clmul, erms, 3dnowpref, lzcnt, ht, tsc, tscinvbit, bmi1, bmi2, adx, fma

Memory: 4k page, system-wide physical 16202M (785M free)
TotalPageFile size 31402M (AvailPageFile size 4M)
current process WorkingSet (physical memory assigned to process): 10M, peak: 10M
current process commit charge ("private bytes"): 321M, peak: 321M

vm_info: OpenJDK 64-Bit Server VM (11.0.14.1+1) for windows-amd64 JRE (11.0.14.1+1), built on Feb  9 2022 01:48:27 by "" with unknown MS VC++:1916

END.
